{"name": "test_searchCustomerByEmail", "status": "broken", "statusDetails": {"message": "selenium.common.exceptions.NoSuchElementException: Message: no such element: Unable to locate element: {\"method\":\"xpath\",\"selector\":\"//table[@id='customers-grid']/tbody/tr[1]/td[2]\"}\n  (Session info: chrome=120.0.6099.110); For documentation on this error, please visit: https://www.selenium.dev/documentation/webdriver/troubleshooting/errors#no-such-element-exception\nStacktrace:\n\tGetHandleVerifier [0x00007FF659DA2142+3514994]\n\t(No symbol) [0x00007FF6599C0CE2]\n\t(No symbol) [0x00007FF6598676AA]\n\t(No symbol) [0x00007FF6598B1860]\n\t(No symbol) [0x00007FF6598B197C]\n\t(No symbol) [0x00007FF6598A64FC]\n\t(No symbol) [0x00007FF6598D602F]\n\t(No symbol) [0x00007FF6598A63B6]\n\t(No symbol) [0x00007FF6598D6490]\n\t(No symbol) [0x00007FF6598F28F6]\n\t(No symbol) [0x00007FF6598D5D93]\n\t(No symbol) [0x00007FF6598A4BDC]\n\t(No symbol) [0x00007FF6598A5C64]\n\tGetHandleVerifier [0x00007FF659DCE16B+3695259]\n\tGetHandleVerifier [0x00007FF659E26737+4057191]\n\tGetHandleVerifier [0x00007FF659E1E4E3+4023827]\n\tGetHandleVerifier [0x00007FF659AF04F9+689705]\n\t(No symbol) [0x00007FF6599CC048]\n\t(No symbol) [0x00007FF6599C8044]\n\t(No symbol) [0x00007FF6599C81C9]\n\t(No symbol) [0x00007FF6599B88C4]\n\tBaseThreadInitThunk [0x00007FFD9F55257D+29]\n\tRtlUserThreadStart [0x00007FFDA184AA58+40]", "trace": "self = <test_searchCustomerByEmail.Test_SearchCustomerByEmail_004 object at 0x000001EB0DA42090>\nsetup = <selenium.webdriver.chrome.webdriver.WebDriver (session=\"b0e8c1472ed9ab80dbcc99544e09a8ae\")>\n\n    @pytest.mark.regression\n    def test_searchCustomerByEmail(self,setup):\n        self.logger.info(\"************* SearchCustomerByEmail_004 **********\")\n        self.driver=setup\n        self.driver.get(self.baseURL)\n        self.driver.maximize_window()\n    \n        self.lp = Login(self.driver)\n        self.lp.setUsername(self.username)\n        self.lp.setPassword(self.password)\n        self.lp.clickLogin()\n        self.logger.info(\"************* Login successful **********\")\n    \n        self.logger.info(\"******* Starting Search Customer By Email **********\")\n    \n        self.addcust = AddCustomer(self.driver)\n        self.addcust.clickOnCustomerMenu()\n        time.sleep(2)\n        self.addcust.clickOnCustomerMenuItem()\n        time.sleep(2)\n        self.logger.info(\"************* searching customer by emailID **********\")\n        searchcust = SearchCustomer(self.driver)\n        searchcust.setEmail(\"ddcb29o923@gmail.com\")\n        searchcust.clickSearch()\n        time.sleep(4)\n>       status=searchcust.searchCustomerByEmail(\"ddcb29o91@gmail.com\")\n\ntestCases\\test_searchCustomerByEmail.py:48: \n_ _ _ _ _ _ _ _ _ _ _ _ _ _ _ _ _ _ _ _ _ _ _ _ _ _ _ _ _ _ _ _ _ _ _ _ _ _ _ _ _ _ _ _ _ _ _ _ _ _ _ _ _ _ _ _ _ _ _ _ _ _ _ _ _ _ _ _ _ _ _ _ _ _ _ _ _ _ _ _ _ _ _ _ _ _ _ _ _ _\npageObjects\\SearchCustomerPage.py:43: in searchCustomerByEmail\n    emailid = table.find_element(By.XPATH,\"//table[@id='customers-grid']/tbody/tr[\" + str(r) + \"]/td[2]\").text\nvenv\\Lib\\site-packages\\selenium\\webdriver\\remote\\webelement.py:416: in find_element\n    return self._execute(Command.FIND_CHILD_ELEMENT, {\"using\": by, \"value\": value})[\"value\"]\nvenv\\Lib\\site-packages\\selenium\\webdriver\\remote\\webelement.py:394: in _execute\n    return self._parent.execute(command, params)\nvenv\\Lib\\site-packages\\selenium\\webdriver\\remote\\webdriver.py:347: in execute\n    self.error_handler.check_response(response)\n_ _ _ _ _ _ _ _ _ _ _ _ _ _ _ _ _ _ _ _ _ _ _ _ _ _ _ _ _ _ _ _ _ _ _ _ _ _ _ _ _ _ _ _ _ _ _ _ _ _ _ _ _ _ _ _ _ _ _ _ _ _ _ _ _ _ _ _ _ _ _ _ _ _ _ _ _ _ _ _ _ _ _ _ _ _ _ _ _ _\n\nself = <selenium.webdriver.remote.errorhandler.ErrorHandler object at 0x000001EB0DD3B830>\nresponse = {'status': 404, 'value': '{\"value\":{\"error\":\"no such element\",\"message\":\"no such element: Unable to locate element: {\\...07FF6599B88C4]\\\\n\\\\tBaseThreadInitThunk [0x00007FFD9F55257D+29]\\\\n\\\\tRtlUserThreadStart [0x00007FFDA184AA58+40]\\\\n\"}}'}\n\n    def check_response(self, response: Dict[str, Any]) -> None:\n        \"\"\"Checks that a JSON response from the WebDriver does not have an\n        error.\n    \n        :Args:\n         - response - The JSON response from the WebDriver server as a dictionary\n           object.\n    \n        :Raises: If the response contains an error message.\n        \"\"\"\n        status = response.get(\"status\", None)\n        if not status or status == ErrorCode.SUCCESS:\n            return\n        value = None\n        message = response.get(\"message\", \"\")\n        screen: str = response.get(\"screen\", \"\")\n        stacktrace = None\n        if isinstance(status, int):\n            value_json = response.get(\"value\", None)\n            if value_json and isinstance(value_json, str):\n                import json\n    \n                try:\n                    value = json.loads(value_json)\n                    if len(value) == 1:\n                        value = value[\"value\"]\n                    status = value.get(\"error\", None)\n                    if not status:\n                        status = value.get(\"status\", ErrorCode.UNKNOWN_ERROR)\n                        message = value.get(\"value\") or value.get(\"message\")\n                        if not isinstance(message, str):\n                            value = message\n                            message = message.get(\"message\")\n                    else:\n                        message = value.get(\"message\", None)\n                except ValueError:\n                    pass\n    \n        exception_class: Type[WebDriverException]\n        e = ErrorCode()\n        error_codes = [item for item in dir(e) if not item.startswith(\"__\")]\n        for error_code in error_codes:\n            error_info = getattr(ErrorCode, error_code)\n            if isinstance(error_info, list) and status in error_info:\n                exception_class = getattr(ExceptionMapping, error_code, WebDriverException)\n                break\n        else:\n            exception_class = WebDriverException\n    \n        if not value:\n            value = response[\"value\"]\n        if isinstance(value, str):\n            raise exception_class(value)\n        if message == \"\" and \"message\" in value:\n            message = value[\"message\"]\n    \n        screen = None  # type: ignore[assignment]\n        if \"screen\" in value:\n            screen = value[\"screen\"]\n    \n        stacktrace = None\n        st_value = value.get(\"stackTrace\") or value.get(\"stacktrace\")\n        if st_value:\n            if isinstance(st_value, str):\n                stacktrace = st_value.split(\"\\n\")\n            else:\n                stacktrace = []\n                try:\n                    for frame in st_value:\n                        line = frame.get(\"lineNumber\", \"\")\n                        file = frame.get(\"fileName\", \"<anonymous>\")\n                        if line:\n                            file = f\"{file}:{line}\"\n                        meth = frame.get(\"methodName\", \"<anonymous>\")\n                        if \"className\" in frame:\n                            meth = f\"{frame['className']}.{meth}\"\n                        msg = \"    at %s (%s)\"\n                        msg = msg % (meth, file)\n                        stacktrace.append(msg)\n                except TypeError:\n                    pass\n        if exception_class == UnexpectedAlertPresentException:\n            alert_text = None\n            if \"data\" in value:\n                alert_text = value[\"data\"].get(\"text\")\n            elif \"alert\" in value:\n                alert_text = value[\"alert\"].get(\"text\")\n            raise exception_class(message, screen, stacktrace, alert_text)  # type: ignore[call-arg]  # mypy is not smart enough here\n>       raise exception_class(message, screen, stacktrace)\nE       selenium.common.exceptions.NoSuchElementException: Message: no such element: Unable to locate element: {\"method\":\"xpath\",\"selector\":\"//table[@id='customers-grid']/tbody/tr[1]/td[2]\"}\nE         (Session info: chrome=120.0.6099.110); For documentation on this error, please visit: https://www.selenium.dev/documentation/webdriver/troubleshooting/errors#no-such-element-exception\nE       Stacktrace:\nE       \tGetHandleVerifier [0x00007FF659DA2142+3514994]\nE       \t(No symbol) [0x00007FF6599C0CE2]\nE       \t(No symbol) [0x00007FF6598676AA]\nE       \t(No symbol) [0x00007FF6598B1860]\nE       \t(No symbol) [0x00007FF6598B197C]\nE       \t(No symbol) [0x00007FF6598A64FC]\nE       \t(No symbol) [0x00007FF6598D602F]\nE       \t(No symbol) [0x00007FF6598A63B6]\nE       \t(No symbol) [0x00007FF6598D6490]\nE       \t(No symbol) [0x00007FF6598F28F6]\nE       \t(No symbol) [0x00007FF6598D5D93]\nE       \t(No symbol) [0x00007FF6598A4BDC]\nE       \t(No symbol) [0x00007FF6598A5C64]\nE       \tGetHandleVerifier [0x00007FF659DCE16B+3695259]\nE       \tGetHandleVerifier [0x00007FF659E26737+4057191]\nE       \tGetHandleVerifier [0x00007FF659E1E4E3+4023827]\nE       \tGetHandleVerifier [0x00007FF659AF04F9+689705]\nE       \t(No symbol) [0x00007FF6599CC048]\nE       \t(No symbol) [0x00007FF6599C8044]\nE       \t(No symbol) [0x00007FF6599C81C9]\nE       \t(No symbol) [0x00007FF6599B88C4]\nE       \tBaseThreadInitThunk [0x00007FFD9F55257D+29]\nE       \tRtlUserThreadStart [0x00007FFDA184AA58+40]\n\nvenv\\Lib\\site-packages\\selenium\\webdriver\\remote\\errorhandler.py:229: NoSuchElementException"}, "attachments": [{"name": "log", "source": "b0f51636-2af1-4461-a075-9774c29722d6-attachment.txt", "type": "text/plain"}], "start": 1703149601023, "stop": 1703149614780, "uuid": "72a79aeb-03d7-470a-9d38-f0b31a7079b9", "historyId": "d481fc1ddd0cd9c80380e39415d16a18", "testCaseId": "d481fc1ddd0cd9c80380e39415d16a18", "fullName": "testCases.test_searchCustomerByEmail.Test_SearchCustomerByEmail_004#test_searchCustomerByEmail", "labels": [{"name": "tag", "value": "regression"}, {"name": "tag", "value": "run(order=5)"}, {"name": "parentSuite", "value": "testCases"}, {"name": "suite", "value": "test_searchCustomerByEmail"}, {"name": "subSuite", "value": "Test_SearchCustomerByEmail_004"}, {"name": "host", "value": "DESKTOP-3R0P461"}, {"name": "thread", "value": "29216-MainThread"}, {"name": "framework", "value": "pytest"}, {"name": "language", "value": "cpython3"}, {"name": "package", "value": "testCases.test_searchCustomerByEmail"}]}